230223	03:03:17	92e32343-53ec-40ab-ad38-406e321ed92c	GET, /user, /user
230223	03:04:09	b06826d4-6407-4063-b548-46d5e85f1b75	GET, , /user, /user
230223	03:14:18	35b69ae6-4136-4e12-884d-b89cedb35550	GET, , /efefg, /efefg
230223	03:14:26	334cf320-6140-428a-9598-0308785365f9	GET, , /efefg, /efefg
230223	03:14:26	5616437f-77ee-4933-81ba-14c0cc1562e2	GET, , /style.css, /style.css
230223	03:14:26	14c81b68-e6f1-4ed2-bfca-e0336fc33362	GET, , /favicon.ico, /favicon.ico
230223	03:16:15	d9c946e6-ed51-4361-aff7-9f19ce8f45dd	GET, , /efefg, /efefg
230223	03:16:15	9ee066fa-5b55-4766-86ee-c045cee4e59a	GET, , /style.css, /style.css
230223	03:16:15	b0efd4db-b68d-42b0-85b7-95263efcc812	GET, , /favicon.ico, /favicon.ico
230223	03:17:22	c31ab443-e97a-40c4-93a4-d353fdb6396e	GET, , /efefg, /efefg
230223	03:17:22	e63c175b-8bb9-4c91-8f8c-8d5922c7166d	GET, , /style.css, /style.css
230223	03:17:22	20094c3d-3c1c-48d7-8e2f-ccf99b9d966e	GET, , /favicon.ico, /favicon.ico
230223	03:17:45	b9f2231a-3a6c-4d29-8bda-45467508f408	POST, , /user, /user
230223	11:36:45	dcc8a8b6-f69a-4e37-bfef-a8bacc68cda5	POST, , /auth/register, /auth/register
230223	11:37:33	b4395690-941e-4193-847b-94f026a16933	POST, , /auth/register, /auth/register
230223	11:38:29	e0b9e8a7-4272-4c33-ab0f-c84737695bc0	POST, , /auth/register, /auth/register
230223	11:39:23	e5d3f9f0-cb23-479e-9fec-c3af8261819a	POST, , /auth/register, /auth/register
230223	04:23:39	d51f5765-7bee-4b66-84a6-fb5bb6bfd7fc	GET, , /users/123/friends, /users/123/friends
230223	04:23:50	c524dcc1-193c-4d09-b930-0c070a52fe18	GET, , /users/123/friends, /users/123/friends
230223	04:24:29	ef03770f-7020-48f0-a05a-569c9027a92f	GET, , /users/123/friends, /users/123/friends
230223	04:24:48	86d87d99-595f-4320-8578-ee1b858c23a5	GET, , /users/123/friends, /users/123/friends
230223	04:25:26	c07a8a34-460d-4b0f-9cbe-da9fecb45365	GET, , /users/123/friends, /users/123/friends
230223	04:26:32	44b080cb-7eff-41c4-a2b4-db88562a82d1	GET, , /users, /users
230223	04:26:40	41fb4093-705a-440f-b7f6-2321e47f5347	GET, , /users, /users
230223	04:27:08	098f9c95-e1d5-4bc4-aec8-8e32f8712fe7	GET, , /users, /users
230223	04:27:29	54219082-241d-4707-a6af-789c01c76f87	GET, , /users/63f7259dd72819e2e27146e3/friends, /users/63f7259dd72819e2e27146e3/friends
230223	04:28:15	2391a95a-20ce-4c07-b840-add3d6507bda	GET, , /users/63f7259dd72819e2e27146e3/friends, /users/63f7259dd72819e2e27146e3/friends
230223	04:28:27	9d92f06c-bd8b-4ba3-b49a-00e0a58bfac7	GET, , /users/63f7259dd72819e2e27146e3/friends, /users/63f7259dd72819e2e27146e3/friends
